app/build/intermediates/manifest_merge_blame_file/arm7Debug/manifest-merger-blame-arm7-debug-report.txt
1<?xml version="1.0" encoding="utf-8"?>
2<manifest xmlns:android="http://schemas.android.com/apk/res/android"
3    package="com.Source.S1_MCC.MCC"
4    android:sharedUserId="user.castles"
5    android:versionCode="39"
6    android:versionName="1.55" >
7
8    <uses-sdk
9        android:minSdkVersion="15"
9-->src\main\AndroidManifest.xml
10        android:targetSdkVersion="26" />
10-->src\main\AndroidManifest.xml
11
12    <uses-permission android:name="android.permission.INTERNET" />
12-->src\main\AndroidManifest.xml:7:5-67
12-->src\main\AndroidManifest.xml:7:22-64
13    <uses-permission android:name="android.permission.READ_EXTERNAL_STORAGE" />
13-->src\main\AndroidManifest.xml:8:5-80
13-->src\main\AndroidManifest.xml:8:22-77
14    <uses-permission android:name="android.permission.REORDER_TASKS" />
14-->src\main\AndroidManifest.xml:9:5-72
14-->src\main\AndroidManifest.xml:9:22-69
15    <uses-permission android:name="android.permission.WRITE_EXTERNAL_STORAGE" />
15-->src\main\AndroidManifest.xml:10:5-81
15-->src\main\AndroidManifest.xml:10:22-78
16    <uses-permission android:name="android.permission.ACCESS_WIFI_STATE" />
16-->src\main\AndroidManifest.xml:11:5-75
16-->src\main\AndroidManifest.xml:11:22-73
17    <uses-permission android:name="android.permission.ACCESS_NETWORK_STATE" />
17-->src\main\AndroidManifest.xml:12:2-75
17-->src\main\AndroidManifest.xml:12:19-73
18    <uses-permission android:name="android.permission.ACCESS_SUPERUSER" />
18-->src\main\AndroidManifest.xml:13:5-75
18-->src\main\AndroidManifest.xml:13:22-72
19    <uses-permission android:name="android.permission.WAKE_LOCK" />
19-->src\main\AndroidManifest.xml:14:5-68
19-->src\main\AndroidManifest.xml:14:22-65
20    <uses-permission android:name="android.permission.ACCESS_FINE_LOCATION" />
20-->src\main\AndroidManifest.xml:15:5-79
20-->src\main\AndroidManifest.xml:15:22-76
21    <uses-permission android:name="android.permission.ACCESS_COARSE_LOCATION " />
21-->src\main\AndroidManifest.xml:16:5-82
21-->src\main\AndroidManifest.xml:16:22-79
22
23    <application
23-->src\main\AndroidManifest.xml:19:5-390:20
24        android:name="com.Source.S1_MCC.MCC.MccApplication"
24-->src\main\AndroidManifest.xml:20:9-39
25        android:allowBackup="true"
25-->src\main\AndroidManifest.xml:21:9-35
26        android:appComponentFactory="android.support.v4.app.CoreComponentFactory"
26-->[com.android.support:support-compat:28.0.0] AndroidManifest.xml:22:18-91
27        android:debuggable="true"
28        android:hardwareAccelerated="false"
28-->src\main\AndroidManifest.xml:22:9-44
29        android:icon="@mipmap/ic_launcher"
29-->src\main\AndroidManifest.xml:23:9-43
30        android:label="@string/app_name"
30-->src\main\AndroidManifest.xml:24:9-41
31        android:largeHeap="true"
31-->src\main\AndroidManifest.xml:25:9-33
32        android:roundIcon="@mipmap/ic_launcher_round"
32-->src\main\AndroidManifest.xml:26:9-54
33        android:supportsRtl="true"
33-->src\main\AndroidManifest.xml:27:9-35
34        android:testOnly="true"
35        android:theme="@style/AppTheme" >
35-->src\main\AndroidManifest.xml:28:9-40
36        <activity android:name="com.Source.S1_MCC.MCC.Main.Activity_ctms_update" />
36-->src\main\AndroidManifest.xml:29:9-63
36-->src\main\AndroidManifest.xml:29:19-60
37        <activity android:name="com.Source.S1_MCC.MCC.Main.Activity_ctms_background" />
37-->src\main\AndroidManifest.xml:30:9-67
37-->src\main\AndroidManifest.xml:30:19-64
38        <activity
38-->src\main\AndroidManifest.xml:31:9-42:20
39            android:name="com.Source.S1_MCC.MCC.Splash"
39-->src\main\AndroidManifest.xml:32:13-35
40            android:configChanges="orientation|keyboardHidden|screenSize"
40-->src\main\AndroidManifest.xml:33:13-74
41            android:icon="@drawable/icon"
41-->src\main\AndroidManifest.xml:34:13-42
42            android:label="@string/app_name"
42-->src\main\AndroidManifest.xml:35:13-45
43            android:theme="@style/FullscreenTheme" >
43-->src\main\AndroidManifest.xml:36:13-51
44            <intent-filter>
44-->src\main\AndroidManifest.xml:37:13-41:29
45                <action android:name="android.intent.action.MAIN" />
45-->src\main\AndroidManifest.xml:38:17-69
45-->src\main\AndroidManifest.xml:38:25-66
46
47                <category android:name="android.intent.category.LAUNCHER" />
47-->src\main\AndroidManifest.xml:40:17-77
47-->src\main\AndroidManifest.xml:40:27-74
48            </intent-filter>
49        </activity>
50        <activity
50-->src\main\AndroidManifest.xml:43:9-48:63
51            android:name="com.Source.S1_MCC.MCC.Main.MainActivity"
51-->src\main\AndroidManifest.xml:44:13-46
52            android:configChanges="orientation|keyboardHidden|screenSize"
52-->src\main\AndroidManifest.xml:45:13-74
53            android:exported="true"
53-->src\main\AndroidManifest.xml:46:13-36
54            android:label="@string/app_name"
54-->src\main\AndroidManifest.xml:47:13-45
55            android:theme="@style/FullscreenTheme" />
55-->src\main\AndroidManifest.xml:48:13-51
56        <activity
56-->src\main\AndroidManifest.xml:49:9-53:63
57            android:name="com.Source.S1_MCC.MCC.OrderCheck"
57-->src\main\AndroidManifest.xml:50:13-39
58            android:configChanges="orientation|keyboardHidden|screenSize"
58-->src\main\AndroidManifest.xml:51:13-74
59            android:label="@string/app_name"
59-->src\main\AndroidManifest.xml:52:13-45
60            android:theme="@style/FullscreenTheme" />
60-->src\main\AndroidManifest.xml:53:13-51
61        <activity
61-->src\main\AndroidManifest.xml:54:9-58:63
62            android:name="com.Source.S1_MCC.MCC.PayChoose"
62-->src\main\AndroidManifest.xml:55:13-38
63            android:configChanges="orientation|keyboardHidden|screenSize"
63-->src\main\AndroidManifest.xml:56:13-74
64            android:label="@string/app_name"
64-->src\main\AndroidManifest.xml:57:13-45
65            android:theme="@style/FullscreenTheme" />
65-->src\main\AndroidManifest.xml:58:13-51
66        <activity
66-->src\main\AndroidManifest.xml:59:9-63:63
67            android:name="com.Source.S1_MCC.MCC.PayCheck"
67-->src\main\AndroidManifest.xml:60:13-37
68            android:configChanges="orientation|keyboardHidden|screenSize"
68-->src\main\AndroidManifest.xml:61:13-74
69            android:label="@string/app_name"
69-->src\main\AndroidManifest.xml:62:13-45
70            android:theme="@style/FullscreenTheme" />
70-->src\main\AndroidManifest.xml:63:13-51
71        <activity
71-->src\main\AndroidManifest.xml:64:9-68:63
72            android:name="com.Source.S1_MCC.MCC.HelloJni"
72-->src\main\AndroidManifest.xml:65:13-37
73            android:label="@string/app_name"
73-->src\main\AndroidManifest.xml:66:13-45
74            android:screenOrientation="portrait"
74-->src\main\AndroidManifest.xml:67:13-49
75            android:theme="@style/FullscreenTheme" />
75-->src\main\AndroidManifest.xml:68:13-51
76        <activity
76-->src\main\AndroidManifest.xml:69:9-73:63
77            android:name="com.Source.S1_MCC.MCC.PayApprove"
77-->src\main\AndroidManifest.xml:70:13-39
78            android:configChanges="orientation|keyboardHidden|screenSize"
78-->src\main\AndroidManifest.xml:71:13-74
79            android:label="@string/app_name"
79-->src\main\AndroidManifest.xml:72:13-45
80            android:theme="@style/FullscreenTheme" />
80-->src\main\AndroidManifest.xml:73:13-51
81        <activity
81-->src\main\AndroidManifest.xml:74:9-78:63
82            android:name="com.Source.S1_MCC.MCC.Recipy"
82-->src\main\AndroidManifest.xml:75:13-35
83            android:configChanges="orientation|keyboardHidden|screenSize"
83-->src\main\AndroidManifest.xml:76:13-74
84            android:label="@string/app_name"
84-->src\main\AndroidManifest.xml:77:13-45
85            android:theme="@style/FullscreenTheme" />
85-->src\main\AndroidManifest.xml:78:13-51
86        <activity
86-->src\main\AndroidManifest.xml:79:9-83:63
87            android:name="com.Source.S1_MCC.MCC.Recipy2"
87-->src\main\AndroidManifest.xml:80:13-36
88            android:configChanges="orientation|keyboardHidden|screenSize"
88-->src\main\AndroidManifest.xml:81:13-74
89            android:label="@string/app_name"
89-->src\main\AndroidManifest.xml:82:13-45
90            android:theme="@style/FullscreenTheme" />
90-->src\main\AndroidManifest.xml:83:13-51
91        <activity
91-->src\main\AndroidManifest.xml:84:9-88:63
92            android:name="com.Source.S1_MCC.MCC.ICcard"
92-->src\main\AndroidManifest.xml:85:13-35
93            android:configChanges="orientation|keyboardHidden|screenSize"
93-->src\main\AndroidManifest.xml:86:13-74
94            android:label="@string/app_name"
94-->src\main\AndroidManifest.xml:87:13-45
95            android:theme="@style/FullscreenTheme" />
95-->src\main\AndroidManifest.xml:88:13-51
96        <activity
96-->src\main\AndroidManifest.xml:89:9-93:63
97            android:name="com.Source.S1_MCC.MCC.MSRcard"
97-->src\main\AndroidManifest.xml:90:13-36
98            android:configChanges="orientation|keyboardHidden|screenSize"
98-->src\main\AndroidManifest.xml:91:13-74
99            android:label="@string/app_name"
99-->src\main\AndroidManifest.xml:92:13-45
100            android:theme="@style/FullscreenTheme" />
100-->src\main\AndroidManifest.xml:93:13-51
101        <activity
101-->src\main\AndroidManifest.xml:94:9-98:63
102            android:name="com.Source.S1_MCC.MCC.Load"
102-->src\main\AndroidManifest.xml:95:13-33
103            android:configChanges="orientation|keyboardHidden|screenSize"
103-->src\main\AndroidManifest.xml:96:13-74
104            android:label="@string/app_name"
104-->src\main\AndroidManifest.xml:97:13-45
105            android:theme="@style/FullscreenTheme" />
105-->src\main\AndroidManifest.xml:98:13-51
106        <activity
106-->src\main\AndroidManifest.xml:99:9-103:63
107            android:name="com.Source.S1_MCC.MCC.Load2"
107-->src\main\AndroidManifest.xml:100:13-34
108            android:configChanges="orientation|keyboardHidden|screenSize"
108-->src\main\AndroidManifest.xml:101:13-74
109            android:label="@string/app_name"
109-->src\main\AndroidManifest.xml:102:13-45
110            android:theme="@style/FullscreenTheme" />
110-->src\main\AndroidManifest.xml:103:13-51
111        <activity
111-->src\main\AndroidManifest.xml:104:9-108:63
112            android:name="com.Source.S1_MCC.MCC.Trans.NETSprompt_amount"
112-->src\main\AndroidManifest.xml:105:13-52
113            android:configChanges="orientation|keyboardHidden|screenSize"
113-->src\main\AndroidManifest.xml:106:13-74
114            android:label="@string/app_name"
114-->src\main\AndroidManifest.xml:107:13-45
115            android:theme="@style/FullscreenTheme" />
115-->src\main\AndroidManifest.xml:108:13-51
116        <activity
116-->src\main\AndroidManifest.xml:109:9-113:63
117            android:name="com.Source.S1_MCC.MCC.Trans.NETSprompt_refno"
117-->src\main\AndroidManifest.xml:110:13-51
118            android:configChanges="orientation|keyboardHidden|screenSize"
118-->src\main\AndroidManifest.xml:111:13-74
119            android:label="@string/app_name"
119-->src\main\AndroidManifest.xml:112:13-45
120            android:theme="@style/FullscreenTheme" />
120-->src\main\AndroidManifest.xml:113:13-51
121        <activity
121-->src\main\AndroidManifest.xml:114:9-118:63
122            android:name="com.Source.S1_MCC.MCC.SocketActivity"
122-->src\main\AndroidManifest.xml:115:13-43
123            android:configChanges="orientation|keyboardHidden|screenSize"
123-->src\main\AndroidManifest.xml:116:13-74
124            android:label="@string/app_name"
124-->src\main\AndroidManifest.xml:117:13-45
125            android:theme="@style/FullscreenTheme" />
125-->src\main\AndroidManifest.xml:118:13-51
126        <activity
126-->src\main\AndroidManifest.xml:119:9-123:63
127            android:name="com.Source.S1_MCC.MCC.model.DispayText"
127-->src\main\AndroidManifest.xml:120:13-45
128            android:configChanges="orientation|keyboardHidden|screenSize"
128-->src\main\AndroidManifest.xml:121:13-74
129            android:label="@string/app_name"
129-->src\main\AndroidManifest.xml:122:13-45
130            android:theme="@style/FullscreenTheme" />
130-->src\main\AndroidManifest.xml:123:13-51
131        <activity
131-->src\main\AndroidManifest.xml:124:9-129:63
132            android:name="com.Source.S1_MCC.MCC.Trans.GetAmount"
132-->src\main\AndroidManifest.xml:125:13-44
133            android:configChanges="orientation|keyboardHidden|screenSize"
133-->src\main\AndroidManifest.xml:126:13-74
134            android:label="@string/app_name"
134-->src\main\AndroidManifest.xml:127:13-45
135            android:theme="@style/FullscreenTheme" />
135-->src\main\AndroidManifest.xml:129:13-51
136        <activity
136-->src\main\AndroidManifest.xml:130:9-134:63
137            android:name="com.Source.S1_MCC.MCC.db.AndroidDatabaseManager"
137-->src\main\AndroidManifest.xml:131:13-54
138            android:configChanges="orientation|keyboardHidden|screenSize"
138-->src\main\AndroidManifest.xml:132:13-74
139            android:label="@string/app_name"
139-->src\main\AndroidManifest.xml:133:13-45
140            android:theme="@style/FullscreenTheme" />
140-->src\main\AndroidManifest.xml:134:13-51
141        <activity
141-->src\main\AndroidManifest.xml:135:9-139:63
142            android:name="com.Source.S1_MCC.MCC.db.ChooseFileActivity"
142-->src\main\AndroidManifest.xml:136:13-50
143            android:configChanges="orientation|keyboardHidden|screenSize"
143-->src\main\AndroidManifest.xml:137:13-74
144            android:label="@string/app_name"
144-->src\main\AndroidManifest.xml:138:13-45
145            android:theme="@style/FullscreenTheme" />
145-->src\main\AndroidManifest.xml:139:13-51
146        <activity
146-->src\main\AndroidManifest.xml:140:9-144:63
147            android:name="com.Source.S1_MCC.MCC.db.DatabaseManager"
147-->src\main\AndroidManifest.xml:141:13-47
148            android:configChanges="orientation|keyboardHidden|screenSize"
148-->src\main\AndroidManifest.xml:142:13-74
149            android:label="@string/app_name"
149-->src\main\AndroidManifest.xml:143:13-45
150            android:theme="@style/FullscreenTheme" />
150-->src\main\AndroidManifest.xml:144:13-51
151        <activity android:name="com.Source.S1_MCC.MCC.EditDatabaseActivity" />
151-->src\main\AndroidManifest.xml:145:9-67
151-->src\main\AndroidManifest.xml:145:19-55
152        <activity
152-->src\main\AndroidManifest.xml:146:9-151:16
153            android:name="com.Source.S1_MCC.MCC.model.UserInputString"
153-->src\main\AndroidManifest.xml:147:9-67
154            android:configChanges="orientation|keyboardHidden|screenSize"
154-->src\main\AndroidManifest.xml:148:9-70
155            android:label="@string/app_name"
155-->src\main\AndroidManifest.xml:149:9-41
156            android:theme="@style/FullscreenTheme" >
156-->src\main\AndroidManifest.xml:150:9-47
157        </activity>
158        <activity
158-->src\main\AndroidManifest.xml:152:9-158:20
159            android:name="com.Source.S1_MCC.MCC.model.ConfirmMenu"
159-->src\main\AndroidManifest.xml:153:13-67
160            android:configChanges="orientation|keyboardHidden|screenSize"
160-->src\main\AndroidManifest.xml:154:13-74
161            android:label="@string/app_name"
161-->src\main\AndroidManifest.xml:155:13-45
162            android:theme="@style/FullscreenTheme" >
162-->src\main\AndroidManifest.xml:157:13-51
163        </activity>
164        <activity
164-->src\main\AndroidManifest.xml:159:9-164:20
165            android:name="com.Source.S1_MCC.MCC.model.ConfirmMenu3"
165-->src\main\AndroidManifest.xml:160:13-68
166            android:configChanges="orientation|keyboardHidden|screenSize"
166-->src\main\AndroidManifest.xml:161:13-74
167            android:label="@string/app_name"
167-->src\main\AndroidManifest.xml:162:13-45
168            android:theme="@style/FullscreenTheme" >
168-->src\main\AndroidManifest.xml:163:13-51
169        </activity>
170        <activity
170-->src\main\AndroidManifest.xml:165:9-170:20
171            android:name="com.Source.S1_MCC.MCC.model.ConfirmMenuTip"
171-->src\main\AndroidManifest.xml:166:13-70
172            android:configChanges="orientation|keyboardHidden|screenSize"
172-->src\main\AndroidManifest.xml:167:13-74
173            android:label="@string/app_name"
173-->src\main\AndroidManifest.xml:168:13-45
174            android:theme="@style/FullscreenTheme" >
174-->src\main\AndroidManifest.xml:169:13-51
175        </activity>
176        <activity
176-->src\main\AndroidManifest.xml:171:9-177:20
177            android:name="com.Source.S1_NETS.NETS.model.DisplayCardIDLE"
177-->src\main\AndroidManifest.xml:172:13-73
178            android:configChanges="orientation|keyboardHidden|screenSize"
178-->src\main\AndroidManifest.xml:173:13-74
179            android:label="MCC"
179-->src\main\AndroidManifest.xml:174:13-32
180            android:theme="@style/FullscreenTheme" >
180-->src\main\AndroidManifest.xml:175:13-51
181        </activity>
182        <activity
182-->src\main\AndroidManifest.xml:178:9-183:20
183            android:name="com.Source.S1_MCC.MCC.model.DOptionMenu"
183-->src\main\AndroidManifest.xml:179:13-67
184            android:configChanges="orientation|keyboardHidden|screenSize"
184-->src\main\AndroidManifest.xml:180:13-74
185            android:label="@string/app_name"
185-->src\main\AndroidManifest.xml:181:13-45
186            android:theme="@style/FullscreenTheme" >
186-->src\main\AndroidManifest.xml:182:13-51
187        </activity>
188        <activity
188-->src\main\AndroidManifest.xml:184:9-190:20
189            android:name="com.Source.S1_MCC.MCC.model.DPopupMenuActivity"
189-->src\main\AndroidManifest.xml:185:13-74
190            android:configChanges="orientation|keyboardHidden|screenSize"
190-->src\main\AndroidManifest.xml:186:13-74
191            android:label="@string/app_name"
191-->src\main\AndroidManifest.xml:187:13-45
192            android:theme="@style/FullscreenTheme" >
192-->src\main\AndroidManifest.xml:189:13-51
193        </activity>
194        <activity
194-->src\main\AndroidManifest.xml:191:9-196:20
195            android:name="com.Source.S1_MCC.MCC.model.NormalKeyBoard"
195-->src\main\AndroidManifest.xml:192:13-70
196            android:configChanges="orientation|keyboardHidden|screenSize"
196-->src\main\AndroidManifest.xml:193:13-74
197            android:label="@string/app_name"
197-->src\main\AndroidManifest.xml:194:13-45
198            android:theme="@style/FullscreenTheme" >
198-->src\main\AndroidManifest.xml:195:13-51
199        </activity>
200        <activity
200-->src\main\AndroidManifest.xml:197:9-203:20
201            android:name="com.Source.S1_MCC.MCC.MultiAP_SubAP"
201-->src\main\AndroidManifest.xml:198:13-63
202            android:configChanges="orientation|keyboardHidden|screenSize"
202-->src\main\AndroidManifest.xml:199:13-74
203            android:exported="true"
203-->src\main\AndroidManifest.xml:201:13-36
204            android:label="@string/app_name" >
204-->src\main\AndroidManifest.xml:200:13-45
205        </activity>
206        <activity
206-->src\main\AndroidManifest.xml:204:9-211:20
207            android:name="com.Source.S1_MCC.MCC.Trans.AmountEntryActivity"
207-->src\main\AndroidManifest.xml:205:13-54
208            android:configChanges="orientation|keyboardHidden|screenSize"
208-->src\main\AndroidManifest.xml:206:13-74
209            android:label="@string/app_name"
209-->src\main\AndroidManifest.xml:207:13-45
210            android:theme="@style/FullscreenTheme" >
210-->src\main\AndroidManifest.xml:208:13-51
211        </activity>
212        <activity
212-->src\main\AndroidManifest.xml:212:13-216:20
213            android:name="com.Source.S1_MCC.MCC.Trans.S1InputString"
213-->src\main\AndroidManifest.xml:212:23-58
214            android:configChanges="orientation|keyboardHidden|screenSize"
214-->src\main\AndroidManifest.xml:215:13-74
215            android:label="@string/app_name"
215-->src\main\AndroidManifest.xml:214:13-45
216            android:theme="@style/FullscreenTheme" >
216-->src\main\AndroidManifest.xml:213:13-51
217        </activity>
218        <activity
218-->src\main\AndroidManifest.xml:217:9-222:20
219            android:name="com.Source.S1_MCC.MCC.SignaturePad.SignaturePadCastles"
219-->src\main\AndroidManifest.xml:218:13-82
220            android:configChanges="orientation|keyboardHidden|screenSize"
220-->src\main\AndroidManifest.xml:219:13-74
221            android:label="@string/app_name"
221-->src\main\AndroidManifest.xml:220:13-45
222            android:theme="@style/FullscreenTheme" >
222-->src\main\AndroidManifest.xml:221:13-51
223        </activity>
224        <activity
224-->src\main\AndroidManifest.xml:223:9-228:20
225            android:name="com.Source.S1_MCC.MCC.Trans.MenuTransactionType"
225-->src\main\AndroidManifest.xml:224:13-75
226            android:configChanges="orientation|keyboardHidden|screenSize"
226-->src\main\AndroidManifest.xml:225:13-74
227            android:label="@string/app_name"
227-->src\main\AndroidManifest.xml:226:13-45
228            android:theme="@style/FullscreenTheme" >
228-->src\main\AndroidManifest.xml:227:13-51
229        </activity>
230        <activity
230-->src\main\AndroidManifest.xml:229:9-234:20
231            android:name="com.Source.S1_MCC.MCC.Trans.MenuTransactionType2"
231-->src\main\AndroidManifest.xml:230:13-76
232            android:configChanges="orientation|keyboardHidden|screenSize"
232-->src\main\AndroidManifest.xml:231:13-74
233            android:label="@string/app_name"
233-->src\main\AndroidManifest.xml:232:13-45
234            android:theme="@style/FullscreenTheme" >
234-->src\main\AndroidManifest.xml:233:13-51
235        </activity>
236        <activity
236-->src\main\AndroidManifest.xml:236:9-242:20
237            android:name="com.Source.S1_MCC.MCC.Trans.Transactions"
237-->src\main\AndroidManifest.xml:237:13-68
238            android:configChanges="orientation|keyboardHidden|screenSize"
238-->src\main\AndroidManifest.xml:238:13-74
239            android:label="@string/app_name"
239-->src\main\AndroidManifest.xml:239:13-45
240            android:theme="@style/FullscreenTheme" >
240-->src\main\AndroidManifest.xml:241:13-51
241        </activity>
242        <activity
242-->src\main\AndroidManifest.xml:243:10-248:20
243            android:name="com.Source.S1_MCC.MCC.Trans.BatchReview"
243-->src\main\AndroidManifest.xml:244:9-63
244            android:configChanges="orientation|keyboardHidden|screenSize"
244-->src\main\AndroidManifest.xml:245:9-70
245            android:label="@string/app_name"
245-->src\main\AndroidManifest.xml:246:9-41
246            android:theme="@style/FullscreenTheme" >
246-->src\main\AndroidManifest.xml:247:9-47
247        </activity>
248        <activity
248-->src\main\AndroidManifest.xml:249:9-254:20
249            android:name="com.Source.S1_MCC.MCC.model.ConfirmOKMenu"
249-->src\main\AndroidManifest.xml:250:13-69
250            android:configChanges="orientation|keyboardHidden|screenSize"
250-->src\main\AndroidManifest.xml:251:13-74
251            android:label="@string/app_name"
251-->src\main\AndroidManifest.xml:252:13-45
252            android:theme="@style/FullscreenTheme" >
252-->src\main\AndroidManifest.xml:253:13-51
253        </activity>
254        <activity
254-->src\main\AndroidManifest.xml:255:9-260:20
255            android:name="com.Source.S1_MCC.MCC.model.ConfirmReboot"
255-->src\main\AndroidManifest.xml:256:13-69
256            android:configChanges="orientation|keyboardHidden|screenSize"
256-->src\main\AndroidManifest.xml:257:13-74
257            android:label="@string/app_name"
257-->src\main\AndroidManifest.xml:258:13-45
258            android:theme="@style/FullscreenTheme" >
258-->src\main\AndroidManifest.xml:259:13-51
259        </activity>
260        <activity
260-->src\main\AndroidManifest.xml:261:10-266:20
261            android:name="com.Source.S1_MCC.MCC.model.PrintFirstReceiptonScreen"
261-->src\main\AndroidManifest.xml:262:13-81
262            android:configChanges="orientation|keyboardHidden|screenSize"
262-->src\main\AndroidManifest.xml:263:13-74
263            android:label="@string/app_name"
263-->src\main\AndroidManifest.xml:264:13-45
264            android:theme="@style/FullscreenTheme" >
264-->src\main\AndroidManifest.xml:265:13-51
265        </activity>
266        <activity
266-->src\main\AndroidManifest.xml:267:9-273:20
267            android:name="com.Source.S1_MCC.MCC.model.PrintReceiptonScreen"
267-->src\main\AndroidManifest.xml:268:13-76
268            android:configChanges="orientation|keyboardHidden|screenSize"
268-->src\main\AndroidManifest.xml:269:13-74
269            android:label="@string/app_name"
269-->src\main\AndroidManifest.xml:270:13-45
270            android:theme="@style/FullscreenTheme" >
270-->src\main\AndroidManifest.xml:272:13-51
271        </activity>
272        <activity
272-->src\main\AndroidManifest.xml:274:9-279:20
273            android:name="com.Source.S1_MCC.MCC.model.EliteReceiptonScreen"
273-->src\main\AndroidManifest.xml:275:13-76
274            android:configChanges="orientation|keyboardHidden|screenSize"
274-->src\main\AndroidManifest.xml:276:13-74
275            android:label="@string/app_name"
275-->src\main\AndroidManifest.xml:277:13-45
276            android:theme="@style/FullscreenTheme" >
276-->src\main\AndroidManifest.xml:278:13-51
277        </activity>
278        <activity
278-->src\main\AndroidManifest.xml:280:9-285:20
279            android:name="com.Source.S1_MCC.MCC.Trans.IdleMenuTransactionType"
279-->src\main\AndroidManifest.xml:281:13-79
280            android:configChanges="orientation|keyboardHidden|screenSize"
280-->src\main\AndroidManifest.xml:282:13-74
281            android:label="@string/app_name"
281-->src\main\AndroidManifest.xml:283:13-45
282            android:theme="@style/FullscreenTheme" >
282-->src\main\AndroidManifest.xml:284:13-51
283        </activity>
284        <activity
284-->src\main\AndroidManifest.xml:286:9-291:20
285            android:name="com.Source.S1_MCC.MCC.Trans.IdleMenuTransactionType2"
285-->src\main\AndroidManifest.xml:287:13-80
286            android:configChanges="orientation|keyboardHidden|screenSize"
286-->src\main\AndroidManifest.xml:288:13-74
287            android:label="@string/app_name"
287-->src\main\AndroidManifest.xml:289:13-45
288            android:theme="@style/FullscreenTheme" >
288-->src\main\AndroidManifest.xml:290:13-51
289        </activity>
290        <activity
290-->src\main\AndroidManifest.xml:292:9-297:20
291            android:name="com.Source.S1_MCC.MCC.Trans.GetExpiryDateUI"
291-->src\main\AndroidManifest.xml:293:9-67
292            android:configChanges="orientation|keyboardHidden|screenSize"
292-->src\main\AndroidManifest.xml:294:9-70
293            android:label="@string/app_name"
293-->src\main\AndroidManifest.xml:295:9-41
294            android:theme="@style/FullscreenTheme" >
294-->src\main\AndroidManifest.xml:296:9-47
295        </activity>
296        <activity
296-->src\main\AndroidManifest.xml:298:9-303:20
297            android:name="com.Source.S1_MCC.MCC.Trans.GetCVVUI"
297-->src\main\AndroidManifest.xml:299:9-60
298            android:configChanges="orientation|keyboardHidden|screenSize"
298-->src\main\AndroidManifest.xml:300:9-70
299            android:label="@string/app_name"
299-->src\main\AndroidManifest.xml:301:9-41
300            android:theme="@style/FullscreenTheme" >
300-->src\main\AndroidManifest.xml:302:9-47
301        </activity>
302        <activity
302-->src\main\AndroidManifest.xml:304:9-311:20
303            android:name="com.Source.S1_MCC.MCC.Trans.UserConfirmCard"
303-->src\main\AndroidManifest.xml:305:13-71
304            android:configChanges="orientation|keyboardHidden|screenSize"
304-->src\main\AndroidManifest.xml:306:13-74
305            android:label="@string/app_name"
305-->src\main\AndroidManifest.xml:307:13-45
306            android:theme="@style/FullscreenTheme" >
306-->src\main\AndroidManifest.xml:308:13-51
307        </activity>
308        <activity
308-->src\main\AndroidManifest.xml:312:9-317:20
309            android:name="com.Source.S1_MCC.MCC.Trans.DCCFxRateUI"
309-->src\main\AndroidManifest.xml:313:13-67
310            android:configChanges="orientation|keyboardHidden|screenSize"
310-->src\main\AndroidManifest.xml:314:13-74
311            android:label="@string/app_name"
311-->src\main\AndroidManifest.xml:315:13-45
312            android:theme="@style/FullscreenTheme" >
312-->src\main\AndroidManifest.xml:316:13-51
313        </activity>
314        <activity
314-->src\main\AndroidManifest.xml:318:9-323:20
315            android:name="com.Source.S1_MCC.MCC.Trans.DCCFxRateUI2"
315-->src\main\AndroidManifest.xml:319:13-68
316            android:configChanges="orientation|keyboardHidden|screenSize"
316-->src\main\AndroidManifest.xml:320:13-74
317            android:label="@string/app_name"
317-->src\main\AndroidManifest.xml:321:13-45
318            android:theme="@style/FullscreenTheme" >
318-->src\main\AndroidManifest.xml:322:13-51
319        </activity>
320        <activity
320-->src\main\AndroidManifest.xml:324:9-329:20
321            android:name="com.Source.S1_MCC.MCC.Trans.UserConfirmVoid"
321-->src\main\AndroidManifest.xml:325:13-71
322            android:configChanges="orientation|keyboardHidden|screenSize"
322-->src\main\AndroidManifest.xml:326:13-74
323            android:label="@string/app_name"
323-->src\main\AndroidManifest.xml:327:13-45
324            android:theme="@style/FullscreenTheme" >
324-->src\main\AndroidManifest.xml:328:13-51
325        </activity>
326        <activity
326-->src\main\AndroidManifest.xml:330:9-335:20
327            android:name="com.Source.S1_MCC.MCC.Trans.InputAlpha"
327-->src\main\AndroidManifest.xml:331:13-66
328            android:configChanges="orientation|keyboardHidden|screenSize"